<?xml version="1.0" encoding="UTF-8"?>
<!-- Generated by org.testng.reporters.JUnitXMLReporter -->
<testsuite ignored="2" hostname="Veerababu" failures="0" tests="4" name="Test" time="258.328" errors="0" timestamp="2025-07-21T17:37:31 IST">
  <testcase classname="Organization_Module.Create_Org_With_Industry_Type_updated" name="createOrgWithPhoneNum" time="58.802"/>
  <testcase classname="Organization_Module.Create_Org_With_Phone_Num_updated" name="createOrgWithPhoneNum" time="60.738"/>
  <testcase classname="Contact_Module.Create_Contact_With_Org_updated" name="createNewOrgTest" time="81.183"/>
  <testcase classname="Contact_Module.Create_Contact_With_SupportDate_updated" name="CreateConWithSupportdate" time="57.514"/>
  <testcase classname="Contact_Module.Create_Contact_updated" name="CreateContactTest" time="0.0">
    <ignored/>
  </testcase> <!-- CreateContactTest -->
  <testcase classname="Organization_Module.CreateOrgTest_updated" name="createNewOrgTest" time="0.0">
    <ignored/>
  </testcase> <!-- createNewOrgTest -->
</testsuite> <!-- Test -->
