<?xml version="1.0" encoding="UTF-8"?>
<!-- Generated by org.testng.reporters.JUnitXMLReporter -->
<testsuite ignored="4" hostname="Veerababu" failures="0" tests="2" name="Test" time="113.835" errors="0" timestamp="2025-07-21T17:31:22 IST">
  <testcase classname="Contact_Module.Create_Contact_updated" name="CreateContactTest" time="54.556"/>
  <testcase classname="Organization_Module.CreateOrgTest_updated" name="createNewOrgTest" time="59.198"/>
  <testcase classname="Contact_Module.Create_Contact_With_Org_updated" name="createNewOrgTest" time="0.0">
    <ignored/>
  </testcase> <!-- createNewOrgTest -->
  <testcase classname="Organization_Module.Create_Org_With_Industry_Type_updated" name="createOrgWithPhoneNum" time="0.0">
    <ignored/>
  </testcase> <!-- createOrgWithPhoneNum -->
  <testcase classname="Contact_Module.Create_Contact_With_SupportDate_updated" name="CreateConWithSupportdate" time="0.0">
    <ignored/>
  </testcase> <!-- CreateConWithSupportdate -->
  <testcase classname="Organization_Module.Create_Org_With_Phone_Num_updated" name="createOrgWithPhoneNum" time="0.0">
    <ignored/>
  </testcase> <!-- createOrgWithPhoneNum -->
</testsuite> <!-- Test -->
