<?xml version="1.0" encoding="UTF-8"?>
<!-- Generated by org.testng.reporters.JUnitXMLReporter -->
<testsuite ignored="0" hostname="Veerababu" failures="0" tests="3" name="Default test" time="173.097" errors="0" timestamp="2025-07-31T15:34:11 IST">
  <testcase classname="Organization_Module.Organization_Scenarios" name="createNewOrgTest" time="41.821"/>
  <testcase classname="Organization_Module.Organization_Scenarios" name="createOrgWithIndustryType" time="37.81"/>
  <testcase classname="Organization_Module.Organization_Scenarios" name="createOrgWithPhoneNum" time="36.975"/>
</testsuite> <!-- Default test -->
