<?xml version="1.0" encoding="UTF-8"?>
<!-- Generated by org.testng.reporters.JUnitXMLReporter -->
<testsuite ignored="0" hostname="Veerababu" failures="0" tests="3" name="Test_Contact" time="212.031" errors="0" timestamp="2025-07-22T16:56:13 IST">
  <testcase classname="Contact_Module.Contact_Scenarios" name="CreateConWithSupportdate" time="57.755"/>
  <testcase classname="Contact_Module.Contact_Scenarios" name="CreateContactTest" time="77.077"/>
  <testcase classname="Contact_Module.Contact_Scenarios" name="createNewOrgTest" time="77.133"/>
</testsuite> <!-- Test_Contact -->
