<?xml version="1.0" encoding="UTF-8"?>
<!-- Generated by org.testng.reporters.JUnitXMLReporter -->
<testsuite ignored="0" hostname="Veerababu" failures="0" tests="2" name="Test_Org" time="155.303" errors="0" timestamp="2025-07-22T16:55:17 IST">
  <testcase classname="Organization_Module.Organization_Scenarios" name="createNewOrgTest" time="66.932"/>
  <testcase classname="Organization_Module.Organization_Scenarios" name="createOrgWithIndustryType" time="88.306"/>
</testsuite> <!-- Test_Org -->
