<?xml version="1.0" encoding="UTF-8"?>
<!-- Generated by org.testng.reporters.JUnitXMLReporter -->
<testsuite ignored="4" hostname="Veerababu" failures="0" tests="6" name="Test" time="507.452" errors="0" timestamp="2025-07-30T15:21:11 IST">
  <testcase classname="Contact_Module.Contact_Scenarios" name="CreateConWithSupportdate" time="90.878"/>
  <testcase classname="Contact_Module.Contact_Scenarios" name="CreateContactTest" time="40.896"/>
  <testcase classname="Contact_Module.Contact_Scenarios" name="createNewOrgTest" time="69.942"/>
  <testcase classname="Organization_Module.Organization_Scenarios" name="createNewOrgTest" time="42.406"/>
  <testcase classname="Organization_Module.Organization_Scenarios" name="createOrgWithIndustryType" time="37.587"/>
  <testcase classname="Organization_Module.Organization_Scenarios" name="createOrgWithPhoneNum" time="37.067"/>
  <testcase classname="Base_Class.Base_Class" name="@AfterSuite closeDatabaseConnection" time="0.0">
    <ignored/>
  </testcase> <!-- @AfterSuite closeDatabaseConnection -->
  <testcase classname="Base_Class.Base_Class" name="@AfterTest closeConParallel" time="0.0">
    <ignored/>
  </testcase> <!-- @AfterTest closeConParallel -->
  <testcase classname="Base_Class.Base_Class" name="@BeforeSuite connectToDatabase" time="0.0">
    <ignored/>
  </testcase> <!-- @BeforeSuite connectToDatabase -->
  <testcase classname="Base_Class.Base_Class" name="@BeforeTest conParallel" time="0.0">
    <ignored/>
  </testcase> <!-- @BeforeTest conParallel -->
</testsuite> <!-- Test -->
